{
  "C:\\DevTemp\\Conduit-Cypress\\client\\src\\index.js": {
    "path": "C:\\DevTemp\\Conduit-Cypress\\client\\src\\index.js",
    "statementMap": {
      "0": {
        "start": {
          "line": 16,
          "column": 0
        },
        "end": {
          "line": 19,
          "column": 1
        }
      },
      "1": {
        "start": {
          "line": 17,
          "column": 2
        },
        "end": {
          "line": 17,
          "column": 22
        }
      },
      "2": {
        "start": {
          "line": 18,
          "column": 2
        },
        "end": {
          "line": 18,
          "column": 22
        }
      },
      "3": {
        "start": {
          "line": 21,
          "column": 0
        },
        "end": {
          "line": 31,
          "column": 1
        }
      }
    },
    "fnMap": {},
    "branchMap": {
      "0": {
        "loc": {
          "start": {
            "line": 16,
            "column": 0
          },
          "end": {
            "line": 19,
            "column": 1
          }
        },
        "type": "if",
        "locations": [
          {
            "start": {
              "line": 16,
              "column": 0
            },
            "end": {
              "line": 19,
              "column": 1
            }
          }
        ],
        "line": 16
      }
    },
    "s": {
      "0": 2,
      "1": 2,
      "2": 2,
      "3": 2
    },
    "f": {},
    "b": {
      "0": [
        2
      ]
    },
    "_coverageSchema": "43e27e138ebf9cfc5966b082cf9a028302ed4184",
    "hash": "aae69428ff7c2c40162a966467b315e9630467a6"
  },
  "C:\\DevTemp\\Conduit-Cypress\\client\\src\\store.js": {
    "path": "C:\\DevTemp\\Conduit-Cypress\\client\\src\\store.js",
    "statementMap": {
      "0": {
        "start": {
          "line": 10,
          "column": 23
        },
        "end": {
          "line": 10,
          "column": 45
        }
      },
      "1": {
        "start": {
          "line": 13,
          "column": 27
        },
        "end": {
          "line": 13,
          "column": 52
        }
      },
      "2": {
        "start": {
          "line": 15,
          "column": 22
        },
        "end": {
          "line": 34,
          "column": 1
        }
      },
      "3": {
        "start": {
          "line": 19,
          "column": 2
        },
        "end": {
          "line": 33,
          "column": 3
        }
      },
      "4": {
        "start": {
          "line": 27,
          "column": 4
        },
        "end": {
          "line": 32,
          "column": 5
        }
      },
      "5": {
        "start": {
          "line": 36,
          "column": 21
        },
        "end": {
          "line": 36,
          "column": 79
        }
      }
    },
    "fnMap": {
      "0": {
        "name": "(anonymous_0)",
        "decl": {
          "start": {
            "line": 15,
            "column": 22
          },
          "end": {
            "line": 15,
            "column": 23
          }
        },
        "loc": {
          "start": {
            "line": 15,
            "column": 28
          },
          "end": {
            "line": 34,
            "column": 1
          }
        },
        "line": 15
      }
    },
    "branchMap": {
      "0": {
        "loc": {
          "start": {
            "line": 19,
            "column": 2
          },
          "end": {
            "line": 33,
            "column": 3
          }
        },
        "type": "if",
        "locations": [
          {
            "start": {
              "line": 19,
              "column": 2
            },
            "end": {
              "line": 33,
              "column": 3
            }
          }
        ],
        "line": 19
      }
    },
    "s": {
      "0": 2,
      "1": 2,
      "2": 2,
      "3": 2,
      "4": 2,
      "5": 2
    },
    "f": {
      "0": 2
    },
    "b": {
      "0": [
        2
      ]
    },
    "_coverageSchema": "43e27e138ebf9cfc5966b082cf9a028302ed4184",
    "hash": "8751dd2fe7af53158f98f1258a0e7d7dfacad415"
  },
  "C:\\DevTemp\\Conduit-Cypress\\client\\src\\middleware.js": {
    "path": "C:\\DevTemp\\Conduit-Cypress\\client\\src\\middleware.js",
    "statementMap": {
      "0": {
        "start": {
          "line": 11,
          "column": 26
        },
        "end": {
          "line": 52,
          "column": 1
        }
      },
      "1": {
        "start": {
          "line": 11,
          "column": 35
        },
        "end": {
          "line": 52,
          "column": 1
        }
      },
      "2": {
        "start": {
          "line": 11,
          "column": 43
        },
        "end": {
          "line": 52,
          "column": 1
        }
      },
      "3": {
        "start": {
          "line": 12,
          "column": 2
        },
        "end": {
          "line": 49,
          "column": 3
        }
      },
      "4": {
        "start": {
          "line": 13,
          "column": 4
        },
        "end": {
          "line": 13,
          "column": 64
        }
      },
      "5": {
        "start": {
          "line": 15,
          "column": 24
        },
        "end": {
          "line": 15,
          "column": 58
        }
      },
      "6": {
        "start": {
          "line": 16,
          "column": 25
        },
        "end": {
          "line": 16,
          "column": 44
        }
      },
      "7": {
        "start": {
          "line": 18,
          "column": 4
        },
        "end": {
          "line": 46,
          "column": 6
        }
      },
      "8": {
        "start": {
          "line": 20,
          "column": 29
        },
        "end": {
          "line": 20,
          "column": 45
        }
      },
      "9": {
        "start": {
          "line": 21,
          "column": 8
        },
        "end": {
          "line": 23,
          "column": 9
        }
      },
      "10": {
        "start": {
          "line": 22,
          "column": 10
        },
        "end": {
          "line": 22,
          "column": 16
        }
      },
      "11": {
        "start": {
          "line": 24,
          "column": 8
        },
        "end": {
          "line": 24,
          "column": 35
        }
      },
      "12": {
        "start": {
          "line": 25,
          "column": 8
        },
        "end": {
          "line": 25,
          "column": 29
        }
      },
      "13": {
        "start": {
          "line": 26,
          "column": 8
        },
        "end": {
          "line": 26,
          "column": 69
        }
      },
      "14": {
        "start": {
          "line": 27,
          "column": 8
        },
        "end": {
          "line": 27,
          "column": 31
        }
      },
      "15": {
        "start": {
          "line": 30,
          "column": 29
        },
        "end": {
          "line": 30,
          "column": 45
        }
      },
      "16": {
        "start": {
          "line": 31,
          "column": 8
        },
        "end": {
          "line": 33,
          "column": 9
        }
      },
      "17": {
        "start": {
          "line": 32,
          "column": 10
        },
        "end": {
          "line": 32,
          "column": 16
        }
      },
      "18": {
        "start": {
          "line": 34,
          "column": 8
        },
        "end": {
          "line": 34,
          "column": 36
        }
      },
      "19": {
        "start": {
          "line": 35,
          "column": 8
        },
        "end": {
          "line": 35,
          "column": 28
        }
      },
      "20": {
        "start": {
          "line": 36,
          "column": 8
        },
        "end": {
          "line": 36,
          "column": 45
        }
      },
      "21": {
        "start": {
          "line": 37,
          "column": 8
        },
        "end": {
          "line": 43,
          "column": 9
        }
      },
      "22": {
        "start": {
          "line": 38,
          "column": 10
        },
        "end": {
          "line": 38,
          "column": 41
        }
      },
      "23": {
        "start": {
          "line": 39,
          "column": 10
        },
        "end": {
          "line": 39,
          "column": 43
        }
      },
      "24": {
        "start": {
          "line": 40,
          "column": 10
        },
        "end": {
          "line": 40,
          "column": 17
        }
      },
      "25": {
        "start": {
          "line": 41,
          "column": 15
        },
        "end": {
          "line": 43,
          "column": 9
        }
      },
      "26": {
        "start": {
          "line": 42,
          "column": 10
        },
        "end": {
          "line": 42,
          "column": 71
        }
      },
      "27": {
        "start": {
          "line": 44,
          "column": 8
        },
        "end": {
          "line": 44,
          "column": 31
        }
      },
      "28": {
        "start": {
          "line": 48,
          "column": 4
        },
        "end": {
          "line": 48,
          "column": 11
        }
      },
      "29": {
        "start": {
          "line": 51,
          "column": 2
        },
        "end": {
          "line": 51,
          "column": 15
        }
      },
      "30": {
        "start": {
          "line": 54,
          "column": 31
        },
        "end": {
          "line": 66,
          "column": 1
        }
      },
      "31": {
        "start": {
          "line": 54,
          "column": 40
        },
        "end": {
          "line": 66,
          "column": 1
        }
      },
      "32": {
        "start": {
          "line": 54,
          "column": 48
        },
        "end": {
          "line": 66,
          "column": 1
        }
      },
      "33": {
        "start": {
          "line": 55,
          "column": 2
        },
        "end": {
          "line": 63,
          "column": 3
        }
      },
      "34": {
        "start": {
          "line": 56,
          "column": 4
        },
        "end": {
          "line": 59,
          "column": 5
        }
      },
      "35": {
        "start": {
          "line": 57,
          "column": 6
        },
        "end": {
          "line": 57,
          "column": 68
        }
      },
      "36": {
        "start": {
          "line": 58,
          "column": 6
        },
        "end": {
          "line": 58,
          "column": 48
        }
      },
      "37": {
        "start": {
          "line": 60,
          "column": 9
        },
        "end": {
          "line": 63,
          "column": 3
        }
      },
      "38": {
        "start": {
          "line": 61,
          "column": 4
        },
        "end": {
          "line": 61,
          "column": 43
        }
      },
      "39": {
        "start": {
          "line": 62,
          "column": 4
        },
        "end": {
          "line": 62,
          "column": 25
        }
      },
      "40": {
        "start": {
          "line": 65,
          "column": 2
        },
        "end": {
          "line": 65,
          "column": 15
        }
      },
      "41": {
        "start": {
          "line": 69,
          "column": 2
        },
        "end": {
          "line": 69,
          "column": 43
        }
      }
    },
    "fnMap": {
      "0": {
        "name": "(anonymous_0)",
        "decl": {
          "start": {
            "line": 11,
            "column": 26
          },
          "end": {
            "line": 11,
            "column": 27
          }
        },
        "loc": {
          "start": {
            "line": 11,
            "column": 35
          },
          "end": {
            "line": 52,
            "column": 1
          }
        },
        "line": 11
      },
      "1": {
        "name": "(anonymous_1)",
        "decl": {
          "start": {
            "line": 11,
            "column": 35
          },
          "end": {
            "line": 11,
            "column": 36
          }
        },
        "loc": {
          "start": {
            "line": 11,
            "column": 43
          },
          "end": {
            "line": 52,
            "column": 1
          }
        },
        "line": 11
      },
      "2": {
        "name": "(anonymous_2)",
        "decl": {
          "start": {
            "line": 11,
            "column": 43
          },
          "end": {
            "line": 11,
            "column": 44
          }
        },
        "loc": {
          "start": {
            "line": 11,
            "column": 53
          },
          "end": {
            "line": 52,
            "column": 1
          }
        },
        "line": 11
      },
      "3": {
        "name": "(anonymous_3)",
        "decl": {
          "start": {
            "line": 19,
            "column": 6
          },
          "end": {
            "line": 19,
            "column": 7
          }
        },
        "loc": {
          "start": {
            "line": 19,
            "column": 13
          },
          "end": {
            "line": 28,
            "column": 7
          }
        },
        "line": 19
      },
      "4": {
        "name": "(anonymous_4)",
        "decl": {
          "start": {
            "line": 29,
            "column": 6
          },
          "end": {
            "line": 29,
            "column": 7
          }
        },
        "loc": {
          "start": {
            "line": 29,
            "column": 15
          },
          "end": {
            "line": 45,
            "column": 7
          }
        },
        "line": 29
      },
      "5": {
        "name": "(anonymous_5)",
        "decl": {
          "start": {
            "line": 54,
            "column": 31
          },
          "end": {
            "line": 54,
            "column": 32
          }
        },
        "loc": {
          "start": {
            "line": 54,
            "column": 40
          },
          "end": {
            "line": 66,
            "column": 1
          }
        },
        "line": 54
      },
      "6": {
        "name": "(anonymous_6)",
        "decl": {
          "start": {
            "line": 54,
            "column": 40
          },
          "end": {
            "line": 54,
            "column": 41
          }
        },
        "loc": {
          "start": {
            "line": 54,
            "column": 48
          },
          "end": {
            "line": 66,
            "column": 1
          }
        },
        "line": 54
      },
      "7": {
        "name": "(anonymous_7)",
        "decl": {
          "start": {
            "line": 54,
            "column": 48
          },
          "end": {
            "line": 54,
            "column": 49
          }
        },
        "loc": {
          "start": {
            "line": 54,
            "column": 58
          },
          "end": {
            "line": 66,
            "column": 1
          }
        },
        "line": 54
      },
      "8": {
        "name": "isPromise",
        "decl": {
          "start": {
            "line": 68,
            "column": 9
          },
          "end": {
            "line": 68,
            "column": 18
          }
        },
        "loc": {
          "start": {
            "line": 68,
            "column": 22
          },
          "end": {
            "line": 70,
            "column": 1
          }
        },
        "line": 68
      }
    },
    "branchMap": {
      "0": {
        "loc": {
          "start": {
            "line": 12,
            "column": 2
          },
          "end": {
            "line": 49,
            "column": 3
          }
        },
        "type": "if",
        "locations": [
          {
            "start": {
              "line": 12,
              "column": 2
            },
            "end": {
              "line": 49,
              "column": 3
            }
          },
          {
            "start": {
              "line": 12,
              "column": 2
            },
            "end": {
              "line": 49,
              "column": 3
            }
          }
        ],
        "line": 12
      },
      "1": {
        "loc": {
          "start": {
            "line": 21,
            "column": 8
          },
          "end": {
            "line": 23,
            "column": 9
          }
        },
        "type": "if",
        "locations": [
          {
            "start": {
              "line": 21,
              "column": 8
            },
            "end": {
              "line": 23,
              "column": 9
            }
          },
          {
            "start": {
              "line": 21,
              "column": 8
            },
            "end": {
              "line": 23,
              "column": 9
            }
          }
        ],
        "line": 21
      },
      "2": {
        "loc": {
          "start": {
            "line": 21,
            "column": 12
          },
          "end": {
            "line": 21,
            "column": 75
          }
        },
        "type": "binary-expr",
        "locations": [
          {
            "start": {
              "line": 21,
              "column": 12
            },
            "end": {
              "line": 21,
              "column": 25
            }
          },
          {
            "start": {
              "line": 21,
              "column": 29
            },
            "end": {
              "line": 21,
              "column": 75
            }
          }
        ],
        "line": 21
      },
      "3": {
        "loc": {
          "start": {
            "line": 31,
            "column": 8
          },
          "end": {
            "line": 33,
            "column": 9
          }
        },
        "type": "if",
        "locations": [
          {
            "start": {
              "line": 31,
              "column": 8
            },
            "end": {
              "line": 33,
              "column": 9
            }
          },
          {
            "start": {
              "line": 31,
              "column": 8
            },
            "end": {
              "line": 33,
              "column": 9
            }
          }
        ],
        "line": 31
      },
      "4": {
        "loc": {
          "start": {
            "line": 31,
            "column": 12
          },
          "end": {
            "line": 31,
            "column": 75
          }
        },
        "type": "binary-expr",
        "locations": [
          {
            "start": {
              "line": 31,
              "column": 12
            },
            "end": {
              "line": 31,
              "column": 25
            }
          },
          {
            "start": {
              "line": 31,
              "column": 29
            },
            "end": {
              "line": 31,
              "column": 75
            }
          }
        ],
        "line": 31
      },
      "5": {
        "loc": {
          "start": {
            "line": 37,
            "column": 8
          },
          "end": {
            "line": 43,
            "column": 9
          }
        },
        "type": "if",
        "locations": [
          {
            "start": {
              "line": 37,
              "column": 8
            },
            "end": {
              "line": 43,
              "column": 9
            }
          },
          {
            "start": {
              "line": 37,
              "column": 8
            },
            "end": {
              "line": 43,
              "column": 9
            }
          }
        ],
        "line": 37
      },
      "6": {
        "loc": {
          "start": {
            "line": 41,
            "column": 15
          },
          "end": {
            "line": 43,
            "column": 9
          }
        },
        "type": "if",
        "locations": [
          {
            "start": {
              "line": 41,
              "column": 15
            },
            "end": {
              "line": 43,
              "column": 9
            }
          },
          {
            "start": {
              "line": 41,
              "column": 15
            },
            "end": {
              "line": 43,
              "column": 9
            }
          }
        ],
        "line": 41
      },
      "7": {
        "loc": {
          "start": {
            "line": 55,
            "column": 2
          },
          "end": {
            "line": 63,
            "column": 3
          }
        },
        "type": "if",
        "locations": [
          {
            "start": {
              "line": 55,
              "column": 2
            },
            "end": {
              "line": 63,
              "column": 3
            }
          },
          {
            "start": {
              "line": 55,
              "column": 2
            },
            "end": {
              "line": 63,
              "column": 3
            }
          }
        ],
        "line": 55
      },
      "8": {
        "loc": {
          "start": {
            "line": 55,
            "column": 6
          },
          "end": {
            "line": 55,
            "column": 55
          }
        },
        "type": "binary-expr",
        "locations": [
          {
            "start": {
              "line": 55,
              "column": 6
            },
            "end": {
              "line": 55,
              "column": 30
            }
          },
          {
            "start": {
              "line": 55,
              "column": 34
            },
            "end": {
              "line": 55,
              "column": 55
            }
          }
        ],
        "line": 55
      },
      "9": {
        "loc": {
          "start": {
            "line": 56,
            "column": 4
          },
          "end": {
            "line": 59,
            "column": 5
          }
        },
        "type": "if",
        "locations": [
          {
            "start": {
              "line": 56,
              "column": 4
            },
            "end": {
              "line": 59,
              "column": 5
            }
          },
          {
            "start": {
              "line": 56,
              "column": 4
            },
            "end": {
              "line": 59,
              "column": 5
            }
          }
        ],
        "line": 56
      },
      "10": {
        "loc": {
          "start": {
            "line": 60,
            "column": 9
          },
          "end": {
            "line": 63,
            "column": 3
          }
        },
        "type": "if",
        "locations": [
          {
            "start": {
              "line": 60,
              "column": 9
            },
            "end": {
              "line": 63,
              "column": 3
            }
          },
          {
            "start": {
              "line": 60,
              "column": 9
            },
            "end": {
              "line": 63,
              "column": 3
            }
          }
        ],
        "line": 60
      },
      "11": {
        "loc": {
          "start": {
            "line": 69,
            "column": 9
          },
          "end": {
            "line": 69,
            "column": 42
          }
        },
        "type": "binary-expr",
        "locations": [
          {
            "start": {
              "line": 69,
              "column": 9
            },
            "end": {
              "line": 69,
              "column": 10
            }
          },
          {
            "start": {
              "line": 69,
              "column": 14
            },
            "end": {
              "line": 69,
              "column": 42
            }
          }
        ],
        "line": 69
      }
    },
    "s": {
      "0": 2,
      "1": 2,
      "2": 2,
      "3": 77,
      "4": 6,
      "5": 6,
      "6": 6,
      "7": 6,
      "8": 5,
      "9": 5,
      "10": 0,
      "11": 5,
      "12": 5,
      "13": 5,
      "14": 5,
      "15": 1,
      "16": 1,
      "17": 0,
      "18": 1,
      "19": 1,
      "20": 1,
      "21": 1,
      "22": 0,
      "23": 0,
      "24": 0,
      "25": 1,
      "26": 1,
      "27": 1,
      "28": 6,
      "29": 71,
      "30": 2,
      "31": 2,
      "32": 2,
      "33": 71,
      "34": 2,
      "35": 1,
      "36": 1,
      "37": 69,
      "38": 0,
      "39": 0,
      "40": 71,
      "41": 77
    },
    "f": {
      "0": 2,
      "1": 2,
      "2": 77,
      "3": 5,
      "4": 1,
      "5": 2,
      "6": 2,
      "7": 71,
      "8": 77
    },
    "b": {
      "0": [
        6,
        71
      ],
      "1": [
        0,
        5
      ],
      "2": [
        5,
        5
      ],
      "3": [
        0,
        1
      ],
      "4": [
        1,
        1
      ],
      "5": [
        0,
        1
      ],
      "6": [
        1,
        0
      ],
      "7": [
        2,
        69
      ],
      "8": [
        71,
        71
      ],
      "9": [
        1,
        1
      ],
      "10": [
        0,
        69
      ],
      "11": [
        77,
        17
      ]
    },
    "_coverageSchema": "43e27e138ebf9cfc5966b082cf9a028302ed4184",
    "hash": "9a0568ff13e56d2dfa7439c51c0d58bc3b7d6b53"
  },
  "C:\\DevTemp\\Conduit-Cypress\\client\\src\\agent.js": {
    "path": "C:\\DevTemp\\Conduit-Cypress\\client\\src\\agent.js",
    "statementMap": {
      "0": {
        "start": {
          "line": 4,
          "column": 19
        },
        "end": {
          "line": 4,
          "column": 65
        }
      },
      "1": {
        "start": {
          "line": 6,
          "column": 17
        },
        "end": {
          "line": 6,
          "column": 44
        }
      },
      "2": {
        "start": {
          "line": 8,
          "column": 15
        },
        "end": {
          "line": 8,
          "column": 33
        }
      },
      "3": {
        "start": {
          "line": 9,
          "column": 21
        },
        "end": {
          "line": 9,
          "column": 36
        }
      },
      "4": {
        "start": {
          "line": 9,
          "column": 28
        },
        "end": {
          "line": 9,
          "column": 36
        }
      },
      "5": {
        "start": {
          "line": 11,
          "column": 12
        },
        "end": {
          "line": 11,
          "column": 16
        }
      },
      "6": {
        "start": {
          "line": 12,
          "column": 20
        },
        "end": {
          "line": 16,
          "column": 1
        }
      },
      "7": {
        "start": {
          "line": 13,
          "column": 2
        },
        "end": {
          "line": 15,
          "column": 3
        }
      },
      "8": {
        "start": {
          "line": 14,
          "column": 4
        },
        "end": {
          "line": 14,
          "column": 47
        }
      },
      "9": {
        "start": {
          "line": 18,
          "column": 17
        },
        "end": {
          "line": 27,
          "column": 1
        }
      },
      "10": {
        "start": {
          "line": 20,
          "column": 4
        },
        "end": {
          "line": 20,
          "column": 75
        }
      },
      "11": {
        "start": {
          "line": 22,
          "column": 4
        },
        "end": {
          "line": 22,
          "column": 75
        }
      },
      "12": {
        "start": {
          "line": 24,
          "column": 4
        },
        "end": {
          "line": 24,
          "column": 81
        }
      },
      "13": {
        "start": {
          "line": 26,
          "column": 4
        },
        "end": {
          "line": 26,
          "column": 82
        }
      },
      "14": {
        "start": {
          "line": 29,
          "column": 13
        },
        "end": {
          "line": 38,
          "column": 1
        }
      },
      "15": {
        "start": {
          "line": 31,
          "column": 4
        },
        "end": {
          "line": 31,
          "column": 25
        }
      },
      "16": {
        "start": {
          "line": 33,
          "column": 4
        },
        "end": {
          "line": 33,
          "column": 64
        }
      },
      "17": {
        "start": {
          "line": 35,
          "column": 4
        },
        "end": {
          "line": 35,
          "column": 68
        }
      },
      "18": {
        "start": {
          "line": 37,
          "column": 4
        },
        "end": {
          "line": 37,
          "column": 35
        }
      },
      "19": {
        "start": {
          "line": 40,
          "column": 13
        },
        "end": {
          "line": 42,
          "column": 1
        }
      },
      "20": {
        "start": {
          "line": 41,
          "column": 16
        },
        "end": {
          "line": 41,
          "column": 37
        }
      },
      "21": {
        "start": {
          "line": 44,
          "column": 14
        },
        "end": {
          "line": 44,
          "column": 72
        }
      },
      "22": {
        "start": {
          "line": 44,
          "column": 28
        },
        "end": {
          "line": 44,
          "column": 72
        }
      },
      "23": {
        "start": {
          "line": 45,
          "column": 17
        },
        "end": {
          "line": 45,
          "column": 75
        }
      },
      "24": {
        "start": {
          "line": 45,
          "column": 28
        },
        "end": {
          "line": 45,
          "column": 75
        }
      },
      "25": {
        "start": {
          "line": 46,
          "column": 17
        },
        "end": {
          "line": 69,
          "column": 1
        }
      },
      "26": {
        "start": {
          "line": 48,
          "column": 4
        },
        "end": {
          "line": 48,
          "column": 48
        }
      },
      "27": {
        "start": {
          "line": 50,
          "column": 4
        },
        "end": {
          "line": 50,
          "column": 72
        }
      },
      "28": {
        "start": {
          "line": 52,
          "column": 4
        },
        "end": {
          "line": 52,
          "column": 67
        }
      },
      "29": {
        "start": {
          "line": 54,
          "column": 4
        },
        "end": {
          "line": 54,
          "column": 37
        }
      },
      "30": {
        "start": {
          "line": 56,
          "column": 4
        },
        "end": {
          "line": 56,
          "column": 47
        }
      },
      "31": {
        "start": {
          "line": 58,
          "column": 4
        },
        "end": {
          "line": 58,
          "column": 75
        }
      },
      "32": {
        "start": {
          "line": 60,
          "column": 4
        },
        "end": {
          "line": 60,
          "column": 52
        }
      },
      "33": {
        "start": {
          "line": 62,
          "column": 4
        },
        "end": {
          "line": 62,
          "column": 37
        }
      },
      "34": {
        "start": {
          "line": 64,
          "column": 4
        },
        "end": {
          "line": 64,
          "column": 46
        }
      },
      "35": {
        "start": {
          "line": 66,
          "column": 4
        },
        "end": {
          "line": 66,
          "column": 77
        }
      },
      "36": {
        "start": {
          "line": 68,
          "column": 4
        },
        "end": {
          "line": 68,
          "column": 43
        }
      },
      "37": {
        "start": {
          "line": 71,
          "column": 17
        },
        "end": {
          "line": 78,
          "column": 1
        }
      },
      "38": {
        "start": {
          "line": 73,
          "column": 4
        },
        "end": {
          "line": 73,
          "column": 60
        }
      },
      "39": {
        "start": {
          "line": 75,
          "column": 4
        },
        "end": {
          "line": 75,
          "column": 59
        }
      },
      "40": {
        "start": {
          "line": 77,
          "column": 4
        },
        "end": {
          "line": 77,
          "column": 46
        }
      },
      "41": {
        "start": {
          "line": 80,
          "column": 16
        },
        "end": {
          "line": 87,
          "column": 1
        }
      },
      "42": {
        "start": {
          "line": 82,
          "column": 4
        },
        "end": {
          "line": 82,
          "column": 49
        }
      },
      "43": {
        "start": {
          "line": 84,
          "column": 4
        },
        "end": {
          "line": 84,
          "column": 41
        }
      },
      "44": {
        "start": {
          "line": 86,
          "column": 4
        },
        "end": {
          "line": 86,
          "column": 48
        }
      },
      "45": {
        "start": {
          "line": 95,
          "column": 24
        },
        "end": {
          "line": 95,
          "column": 39
        }
      }
    },
    "fnMap": {
      "0": {
        "name": "(anonymous_0)",
        "decl": {
          "start": {
            "line": 9,
            "column": 21
          },
          "end": {
            "line": 9,
            "column": 22
          }
        },
        "loc": {
          "start": {
            "line": 9,
            "column": 28
          },
          "end": {
            "line": 9,
            "column": 36
          }
        },
        "line": 9
      },
      "1": {
        "name": "(anonymous_1)",
        "decl": {
          "start": {
            "line": 12,
            "column": 20
          },
          "end": {
            "line": 12,
            "column": 21
          }
        },
        "loc": {
          "start": {
            "line": 12,
            "column": 27
          },
          "end": {
            "line": 16,
            "column": 1
          }
        },
        "line": 12
      },
      "2": {
        "name": "(anonymous_2)",
        "decl": {
          "start": {
            "line": 19,
            "column": 7
          },
          "end": {
            "line": 19,
            "column": 8
          }
        },
        "loc": {
          "start": {
            "line": 20,
            "column": 4
          },
          "end": {
            "line": 20,
            "column": 75
          }
        },
        "line": 20
      },
      "3": {
        "name": "(anonymous_3)",
        "decl": {
          "start": {
            "line": 21,
            "column": 7
          },
          "end": {
            "line": 21,
            "column": 8
          }
        },
        "loc": {
          "start": {
            "line": 22,
            "column": 4
          },
          "end": {
            "line": 22,
            "column": 75
          }
        },
        "line": 22
      },
      "4": {
        "name": "(anonymous_4)",
        "decl": {
          "start": {
            "line": 23,
            "column": 7
          },
          "end": {
            "line": 23,
            "column": 8
          }
        },
        "loc": {
          "start": {
            "line": 24,
            "column": 4
          },
          "end": {
            "line": 24,
            "column": 81
          }
        },
        "line": 24
      },
      "5": {
        "name": "(anonymous_5)",
        "decl": {
          "start": {
            "line": 25,
            "column": 8
          },
          "end": {
            "line": 25,
            "column": 9
          }
        },
        "loc": {
          "start": {
            "line": 26,
            "column": 4
          },
          "end": {
            "line": 26,
            "column": 82
          }
        },
        "line": 26
      },
      "6": {
        "name": "(anonymous_6)",
        "decl": {
          "start": {
            "line": 30,
            "column": 11
          },
          "end": {
            "line": 30,
            "column": 12
          }
        },
        "loc": {
          "start": {
            "line": 31,
            "column": 4
          },
          "end": {
            "line": 31,
            "column": 25
          }
        },
        "line": 31
      },
      "7": {
        "name": "(anonymous_7)",
        "decl": {
          "start": {
            "line": 32,
            "column": 9
          },
          "end": {
            "line": 32,
            "column": 10
          }
        },
        "loc": {
          "start": {
            "line": 33,
            "column": 4
          },
          "end": {
            "line": 33,
            "column": 64
          }
        },
        "line": 33
      },
      "8": {
        "name": "(anonymous_8)",
        "decl": {
          "start": {
            "line": 34,
            "column": 12
          },
          "end": {
            "line": 34,
            "column": 13
          }
        },
        "loc": {
          "start": {
            "line": 35,
            "column": 4
          },
          "end": {
            "line": 35,
            "column": 68
          }
        },
        "line": 35
      },
      "9": {
        "name": "(anonymous_9)",
        "decl": {
          "start": {
            "line": 36,
            "column": 8
          },
          "end": {
            "line": 36,
            "column": 9
          }
        },
        "loc": {
          "start": {
            "line": 37,
            "column": 4
          },
          "end": {
            "line": 37,
            "column": 35
          }
        },
        "line": 37
      },
      "10": {
        "name": "(anonymous_10)",
        "decl": {
          "start": {
            "line": 41,
            "column": 10
          },
          "end": {
            "line": 41,
            "column": 11
          }
        },
        "loc": {
          "start": {
            "line": 41,
            "column": 16
          },
          "end": {
            "line": 41,
            "column": 37
          }
        },
        "line": 41
      },
      "11": {
        "name": "(anonymous_11)",
        "decl": {
          "start": {
            "line": 44,
            "column": 14
          },
          "end": {
            "line": 44,
            "column": 15
          }
        },
        "loc": {
          "start": {
            "line": 44,
            "column": 28
          },
          "end": {
            "line": 44,
            "column": 72
          }
        },
        "line": 44
      },
      "12": {
        "name": "(anonymous_12)",
        "decl": {
          "start": {
            "line": 45,
            "column": 17
          },
          "end": {
            "line": 45,
            "column": 18
          }
        },
        "loc": {
          "start": {
            "line": 45,
            "column": 28
          },
          "end": {
            "line": 45,
            "column": 75
          }
        },
        "line": 45
      },
      "13": {
        "name": "(anonymous_13)",
        "decl": {
          "start": {
            "line": 47,
            "column": 7
          },
          "end": {
            "line": 47,
            "column": 8
          }
        },
        "loc": {
          "start": {
            "line": 48,
            "column": 4
          },
          "end": {
            "line": 48,
            "column": 48
          }
        },
        "line": 48
      },
      "14": {
        "name": "(anonymous_14)",
        "decl": {
          "start": {
            "line": 49,
            "column": 12
          },
          "end": {
            "line": 49,
            "column": 13
          }
        },
        "loc": {
          "start": {
            "line": 50,
            "column": 4
          },
          "end": {
            "line": 50,
            "column": 72
          }
        },
        "line": 50
      },
      "15": {
        "name": "(anonymous_15)",
        "decl": {
          "start": {
            "line": 51,
            "column": 9
          },
          "end": {
            "line": 51,
            "column": 10
          }
        },
        "loc": {
          "start": {
            "line": 52,
            "column": 4
          },
          "end": {
            "line": 52,
            "column": 67
          }
        },
        "line": 52
      },
      "16": {
        "name": "(anonymous_16)",
        "decl": {
          "start": {
            "line": 53,
            "column": 7
          },
          "end": {
            "line": 53,
            "column": 8
          }
        },
        "loc": {
          "start": {
            "line": 54,
            "column": 4
          },
          "end": {
            "line": 54,
            "column": 37
          }
        },
        "line": 54
      },
      "17": {
        "name": "(anonymous_17)",
        "decl": {
          "start": {
            "line": 55,
            "column": 12
          },
          "end": {
            "line": 55,
            "column": 13
          }
        },
        "loc": {
          "start": {
            "line": 56,
            "column": 4
          },
          "end": {
            "line": 56,
            "column": 47
          }
        },
        "line": 56
      },
      "18": {
        "name": "(anonymous_18)",
        "decl": {
          "start": {
            "line": 57,
            "column": 15
          },
          "end": {
            "line": 57,
            "column": 16
          }
        },
        "loc": {
          "start": {
            "line": 58,
            "column": 4
          },
          "end": {
            "line": 58,
            "column": 75
          }
        },
        "line": 58
      },
      "19": {
        "name": "(anonymous_19)",
        "decl": {
          "start": {
            "line": 59,
            "column": 8
          },
          "end": {
            "line": 59,
            "column": 9
          }
        },
        "loc": {
          "start": {
            "line": 60,
            "column": 4
          },
          "end": {
            "line": 60,
            "column": 52
          }
        },
        "line": 60
      },
      "20": {
        "name": "(anonymous_20)",
        "decl": {
          "start": {
            "line": 61,
            "column": 7
          },
          "end": {
            "line": 61,
            "column": 8
          }
        },
        "loc": {
          "start": {
            "line": 62,
            "column": 4
          },
          "end": {
            "line": 62,
            "column": 37
          }
        },
        "line": 62
      },
      "21": {
        "name": "(anonymous_21)",
        "decl": {
          "start": {
            "line": 63,
            "column": 14
          },
          "end": {
            "line": 63,
            "column": 15
          }
        },
        "loc": {
          "start": {
            "line": 64,
            "column": 4
          },
          "end": {
            "line": 64,
            "column": 46
          }
        },
        "line": 64
      },
      "22": {
        "name": "(anonymous_22)",
        "decl": {
          "start": {
            "line": 65,
            "column": 10
          },
          "end": {
            "line": 65,
            "column": 11
          }
        },
        "loc": {
          "start": {
            "line": 66,
            "column": 4
          },
          "end": {
            "line": 66,
            "column": 77
          }
        },
        "line": 66
      },
      "23": {
        "name": "(anonymous_23)",
        "decl": {
          "start": {
            "line": 67,
            "column": 10
          },
          "end": {
            "line": 67,
            "column": 11
          }
        },
        "loc": {
          "start": {
            "line": 68,
            "column": 4
          },
          "end": {
            "line": 68,
            "column": 43
          }
        },
        "line": 68
      },
      "24": {
        "name": "(anonymous_24)",
        "decl": {
          "start": {
            "line": 72,
            "column": 10
          },
          "end": {
            "line": 72,
            "column": 11
          }
        },
        "loc": {
          "start": {
            "line": 73,
            "column": 4
          },
          "end": {
            "line": 73,
            "column": 60
          }
        },
        "line": 73
      },
      "25": {
        "name": "(anonymous_25)",
        "decl": {
          "start": {
            "line": 74,
            "column": 10
          },
          "end": {
            "line": 74,
            "column": 11
          }
        },
        "loc": {
          "start": {
            "line": 75,
            "column": 4
          },
          "end": {
            "line": 75,
            "column": 59
          }
        },
        "line": 75
      },
      "26": {
        "name": "(anonymous_26)",
        "decl": {
          "start": {
            "line": 76,
            "column": 14
          },
          "end": {
            "line": 76,
            "column": 15
          }
        },
        "loc": {
          "start": {
            "line": 77,
            "column": 4
          },
          "end": {
            "line": 77,
            "column": 46
          }
        },
        "line": 77
      },
      "27": {
        "name": "(anonymous_27)",
        "decl": {
          "start": {
            "line": 81,
            "column": 10
          },
          "end": {
            "line": 81,
            "column": 11
          }
        },
        "loc": {
          "start": {
            "line": 82,
            "column": 4
          },
          "end": {
            "line": 82,
            "column": 49
          }
        },
        "line": 82
      },
      "28": {
        "name": "(anonymous_28)",
        "decl": {
          "start": {
            "line": 83,
            "column": 7
          },
          "end": {
            "line": 83,
            "column": 8
          }
        },
        "loc": {
          "start": {
            "line": 84,
            "column": 4
          },
          "end": {
            "line": 84,
            "column": 41
          }
        },
        "line": 84
      },
      "29": {
        "name": "(anonymous_29)",
        "decl": {
          "start": {
            "line": 85,
            "column": 12
          },
          "end": {
            "line": 85,
            "column": 13
          }
        },
        "loc": {
          "start": {
            "line": 86,
            "column": 4
          },
          "end": {
            "line": 86,
            "column": 48
          }
        },
        "line": 86
      },
      "30": {
        "name": "(anonymous_30)",
        "decl": {
          "start": {
            "line": 95,
            "column": 12
          },
          "end": {
            "line": 95,
            "column": 13
          }
        },
        "loc": {
          "start": {
            "line": 95,
            "column": 22
          },
          "end": {
            "line": 95,
            "column": 41
          }
        },
        "line": 95
      }
    },
    "branchMap": {
      "0": {
        "loc": {
          "start": {
            "line": 13,
            "column": 2
          },
          "end": {
            "line": 15,
            "column": 3
          }
        },
        "type": "if",
        "locations": [
          {
            "start": {
              "line": 13,
              "column": 2
            },
            "end": {
              "line": 15,
              "column": 3
            }
          },
          {
            "start": {
              "line": 13,
              "column": 2
            },
            "end": {
              "line": 15,
              "column": 3
            }
          }
        ],
        "line": 13
      },
      "1": {
        "loc": {
          "start": {
            "line": 44,
            "column": 53
          },
          "end": {
            "line": 44,
            "column": 70
          }
        },
        "type": "cond-expr",
        "locations": [
          {
            "start": {
              "line": 44,
              "column": 57
            },
            "end": {
              "line": 44,
              "column": 66
            }
          },
          {
            "start": {
              "line": 44,
              "column": 69
            },
            "end": {
              "line": 44,
              "column": 70
            }
          }
        ],
        "line": 44
      }
    },
    "s": {
      "0": 2,
      "1": 2,
      "2": 2,
      "3": 2,
      "4": 8,
      "5": 2,
      "6": 2,
      "7": 9,
      "8": 3,
      "9": 2,
      "10": 0,
      "11": 7,
      "12": 0,
      "13": 2,
      "14": 2,
      "15": 0,
      "16": 2,
      "17": 0,
      "18": 0,
      "19": 2,
      "20": 3,
      "21": 2,
      "22": 3,
      "23": 2,
      "24": 0,
      "25": 2,
      "26": 3,
      "27": 0,
      "28": 0,
      "29": 0,
      "30": 0,
      "31": 0,
      "32": 1,
      "33": 0,
      "34": 0,
      "35": 0,
      "36": 0,
      "37": 2,
      "38": 0,
      "39": 0,
      "40": 0,
      "41": 2,
      "42": 0,
      "43": 0,
      "44": 0,
      "45": 1
    },
    "f": {
      "0": 8,
      "1": 9,
      "2": 0,
      "3": 7,
      "4": 0,
      "5": 2,
      "6": 0,
      "7": 2,
      "8": 0,
      "9": 0,
      "10": 3,
      "11": 3,
      "12": 0,
      "13": 3,
      "14": 0,
      "15": 0,
      "16": 0,
      "17": 0,
      "18": 0,
      "19": 1,
      "20": 0,
      "21": 0,
      "22": 0,
      "23": 0,
      "24": 0,
      "25": 0,
      "26": 0,
      "27": 0,
      "28": 0,
      "29": 0,
      "30": 1
    },
    "b": {
      "0": [
        3,
        6
      ],
      "1": [
        0,
        3
      ]
    },
    "_coverageSchema": "43e27e138ebf9cfc5966b082cf9a028302ed4184",
    "hash": "a3b1564acffc5e57b4cc5fdc9ae20ca8aade8e1d"
  },
  "C:\\DevTemp\\Conduit-Cypress\\client\\src\\constants\\actionTypes.js": {
    "path": "C:\\DevTemp\\Conduit-Cypress\\client\\src\\constants\\actionTypes.js",
    "statementMap": {
      "0": {
        "start": {
          "line": 1,
          "column": 24
        },
        "end": {
          "line": 1,
          "column": 34
        }
      },
      "1": {
        "start": {
          "line": 2,
          "column": 24
        },
        "end": {
          "line": 2,
          "column": 34
        }
      },
      "2": {
        "start": {
          "line": 3,
          "column": 33
        },
        "end": {
          "line": 3,
          "column": 52
        }
      },
      "3": {
        "start": {
          "line": 4,
          "column": 30
        },
        "end": {
          "line": 4,
          "column": 46
        }
      },
      "4": {
        "start": {
          "line": 5,
          "column": 30
        },
        "end": {
          "line": 5,
          "column": 46
        }
      },
      "5": {
        "start": {
          "line": 6,
          "column": 38
        },
        "end": {
          "line": 6,
          "column": 62
        }
      },
      "6": {
        "start": {
          "line": 7,
          "column": 32
        },
        "end": {
          "line": 7,
          "column": 50
        }
      },
      "7": {
        "start": {
          "line": 8,
          "column": 34
        },
        "end": {
          "line": 8,
          "column": 54
        }
      },
      "8": {
        "start": {
          "line": 9,
          "column": 35
        },
        "end": {
          "line": 9,
          "column": 56
        }
      },
      "9": {
        "start": {
          "line": 10,
          "column": 37
        },
        "end": {
          "line": 10,
          "column": 60
        }
      },
      "10": {
        "start": {
          "line": 11,
          "column": 27
        },
        "end": {
          "line": 11,
          "column": 40
        }
      },
      "11": {
        "start": {
          "line": 12,
          "column": 30
        },
        "end": {
          "line": 12,
          "column": 46
        }
      },
      "12": {
        "start": {
          "line": 13,
          "column": 33
        },
        "end": {
          "line": 13,
          "column": 52
        }
      },
      "13": {
        "start": {
          "line": 14,
          "column": 35
        },
        "end": {
          "line": 14,
          "column": 56
        }
      },
      "14": {
        "start": {
          "line": 15,
          "column": 24
        },
        "end": {
          "line": 15,
          "column": 34
        }
      },
      "15": {
        "start": {
          "line": 16,
          "column": 32
        },
        "end": {
          "line": 16,
          "column": 50
        }
      },
      "16": {
        "start": {
          "line": 17,
          "column": 26
        },
        "end": {
          "line": 17,
          "column": 38
        }
      },
      "17": {
        "start": {
          "line": 18,
          "column": 35
        },
        "end": {
          "line": 18,
          "column": 56
        }
      },
      "18": {
        "start": {
          "line": 19,
          "column": 37
        },
        "end": {
          "line": 19,
          "column": 60
        }
      },
      "19": {
        "start": {
          "line": 20,
          "column": 21
        },
        "end": {
          "line": 20,
          "column": 28
        }
      },
      "20": {
        "start": {
          "line": 21,
          "column": 22
        },
        "end": {
          "line": 21,
          "column": 30
        }
      },
      "21": {
        "start": {
          "line": 22,
          "column": 24
        },
        "end": {
          "line": 22,
          "column": 34
        }
      },
      "22": {
        "start": {
          "line": 23,
          "column": 35
        },
        "end": {
          "line": 23,
          "column": 56
        }
      },
      "23": {
        "start": {
          "line": 24,
          "column": 38
        },
        "end": {
          "line": 24,
          "column": 62
        }
      },
      "24": {
        "start": {
          "line": 25,
          "column": 27
        },
        "end": {
          "line": 25,
          "column": 40
        }
      },
      "25": {
        "start": {
          "line": 26,
          "column": 25
        },
        "end": {
          "line": 26,
          "column": 36
        }
      },
      "26": {
        "start": {
          "line": 27,
          "column": 34
        },
        "end": {
          "line": 27,
          "column": 54
        }
      },
      "27": {
        "start": {
          "line": 28,
          "column": 36
        },
        "end": {
          "line": 28,
          "column": 58
        }
      },
      "28": {
        "start": {
          "line": 29,
          "column": 23
        },
        "end": {
          "line": 29,
          "column": 32
        }
      },
      "29": {
        "start": {
          "line": 30,
          "column": 26
        },
        "end": {
          "line": 30,
          "column": 38
        }
      },
      "30": {
        "start": {
          "line": 31,
          "column": 33
        },
        "end": {
          "line": 31,
          "column": 52
        }
      },
      "31": {
        "start": {
          "line": 32,
          "column": 35
        },
        "end": {
          "line": 32,
          "column": 56
        }
      },
      "32": {
        "start": {
          "line": 33,
          "column": 27
        },
        "end": {
          "line": 33,
          "column": 40
        }
      },
      "33": {
        "start": {
          "line": 34,
          "column": 29
        },
        "end": {
          "line": 34,
          "column": 44
        }
      },
      "34": {
        "start": {
          "line": 35,
          "column": 47
        },
        "end": {
          "line": 35,
          "column": 80
        }
      },
      "35": {
        "start": {
          "line": 36,
          "column": 45
        },
        "end": {
          "line": 36,
          "column": 76
        }
      }
    },
    "fnMap": {},
    "branchMap": {},
    "s": {
      "0": 2,
      "1": 2,
      "2": 2,
      "3": 2,
      "4": 2,
      "5": 2,
      "6": 2,
      "7": 2,
      "8": 2,
      "9": 2,
      "10": 2,
      "11": 2,
      "12": 2,
      "13": 2,
      "14": 2,
      "15": 2,
      "16": 2,
      "17": 2,
      "18": 2,
      "19": 2,
      "20": 2,
      "21": 2,
      "22": 2,
      "23": 2,
      "24": 2,
      "25": 2,
      "26": 2,
      "27": 2,
      "28": 2,
      "29": 2,
      "30": 2,
      "31": 2,
      "32": 2,
      "33": 2,
      "34": 2,
      "35": 2
    },
    "f": {},
    "b": {},
    "_coverageSchema": "43e27e138ebf9cfc5966b082cf9a028302ed4184",
    "hash": "79186ed571e375d5e2c60a310bcd2b6f856b8165"
  },
  "C:\\DevTemp\\Conduit-Cypress\\client\\src\\reducer.js": {
    "path": "C:\\DevTemp\\Conduit-Cypress\\client\\src\\reducer.js",
    "statementMap": {},
    "fnMap": {},
    "branchMap": {},
    "s": {},
    "f": {},
    "b": {},
    "_coverageSchema": "43e27e138ebf9cfc5966b082cf9a028302ed4184",
    "hash": "24120c3da82c808efd332ebc44a19ee17220239a"
  },
  "C:\\DevTemp\\Conduit-Cypress\\client\\src\\reducers\\article.js": {
    "path": "C:\\DevTemp\\Conduit-Cypress\\client\\src\\reducers\\article.js",
    "statementMap": {
      "0": {
        "start": {
          "line": 9,
          "column": 2
        },
        "end": {
          "line": 34,
          "column": 3
        }
      },
      "1": {
        "start": {
          "line": 11,
          "column": 6
        },
        "end": {
          "line": 15,
          "column": 8
        }
      },
      "2": {
        "start": {
          "line": 17,
          "column": 6
        },
        "end": {
          "line": 17,
          "column": 16
        }
      },
      "3": {
        "start": {
          "line": 19,
          "column": 6
        },
        "end": {
          "line": 25,
          "column": 8
        }
      },
      "4": {
        "start": {
          "line": 27,
          "column": 24
        },
        "end": {
          "line": 27,
          "column": 40
        }
      },
      "5": {
        "start": {
          "line": 28,
          "column": 6
        },
        "end": {
          "line": 31,
          "column": 8
        }
      },
      "6": {
        "start": {
          "line": 30,
          "column": 51
        },
        "end": {
          "line": 30,
          "column": 75
        }
      },
      "7": {
        "start": {
          "line": 33,
          "column": 6
        },
        "end": {
          "line": 33,
          "column": 19
        }
      }
    },
    "fnMap": {
      "0": {
        "name": "(anonymous_0)",
        "decl": {
          "start": {
            "line": 8,
            "column": 15
          },
          "end": {
            "line": 8,
            "column": 16
          }
        },
        "loc": {
          "start": {
            "line": 8,
            "column": 39
          },
          "end": {
            "line": 35,
            "column": 1
          }
        },
        "line": 8
      },
      "1": {
        "name": "(anonymous_1)",
        "decl": {
          "start": {
            "line": 30,
            "column": 40
          },
          "end": {
            "line": 30,
            "column": 41
          }
        },
        "loc": {
          "start": {
            "line": 30,
            "column": 51
          },
          "end": {
            "line": 30,
            "column": 75
          }
        },
        "line": 30
      }
    },
    "branchMap": {
      "0": {
        "loc": {
          "start": {
            "line": 8,
            "column": 16
          },
          "end": {
            "line": 8,
            "column": 26
          }
        },
        "type": "default-arg",
        "locations": [
          {
            "start": {
              "line": 8,
              "column": 24
            },
            "end": {
              "line": 8,
              "column": 26
            }
          }
        ],
        "line": 8
      },
      "1": {
        "loc": {
          "start": {
            "line": 9,
            "column": 2
          },
          "end": {
            "line": 34,
            "column": 3
          }
        },
        "type": "switch",
        "locations": [
          {
            "start": {
              "line": 10,
              "column": 4
            },
            "end": {
              "line": 15,
              "column": 8
            }
          },
          {
            "start": {
              "line": 16,
              "column": 4
            },
            "end": {
              "line": 17,
              "column": 16
            }
          },
          {
            "start": {
              "line": 18,
              "column": 4
            },
            "end": {
              "line": 25,
              "column": 8
            }
          },
          {
            "start": {
              "line": 26,
              "column": 4
            },
            "end": {
              "line": 31,
              "column": 8
            }
          },
          {
            "start": {
              "line": 32,
              "column": 4
            },
            "end": {
              "line": 33,
              "column": 19
            }
          }
        ],
        "line": 9
      },
      "2": {
        "loc": {
          "start": {
            "line": 21,
            "column": 23
          },
          "end": {
            "line": 21,
            "column": 66
          }
        },
        "type": "cond-expr",
        "locations": [
          {
            "start": {
              "line": 21,
              "column": 38
            },
            "end": {
              "line": 21,
              "column": 59
            }
          },
          {
            "start": {
              "line": 21,
              "column": 62
            },
            "end": {
              "line": 21,
              "column": 66
            }
          }
        ],
        "line": 21
      },
      "3": {
        "loc": {
          "start": {
            "line": 22,
            "column": 18
          },
          "end": {
            "line": 24,
            "column": 65
          }
        },
        "type": "cond-expr",
        "locations": [
          {
            "start": {
              "line": 23,
              "column": 10
            },
            "end": {
              "line": 23,
              "column": 14
            }
          },
          {
            "start": {
              "line": 24,
              "column": 10
            },
            "end": {
              "line": 24,
              "column": 65
            }
          }
        ],
        "line": 22
      },
      "4": {
        "loc": {
          "start": {
            "line": 24,
            "column": 11
          },
          "end": {
            "line": 24,
            "column": 31
          }
        },
        "type": "binary-expr",
        "locations": [
          {
            "start": {
              "line": 24,
              "column": 11
            },
            "end": {
              "line": 24,
              "column": 25
            }
          },
          {
            "start": {
              "line": 24,
              "column": 29
            },
            "end": {
              "line": 24,
              "column": 31
            }
          }
        ],
        "line": 24
      }
    },
    "s": {
      "0": 77,
      "1": 0,
      "2": 0,
      "3": 0,
      "4": 0,
      "5": 0,
      "6": 0,
      "7": 77
    },
    "f": {
      "0": 77,
      "1": 0
    },
    "b": {
      "0": [
        6
      ],
      "1": [
        0,
        0,
        0,
        0,
        77
      ],
      "2": [
        0,
        0
      ],
      "3": [
        0,
        0
      ],
      "4": [
        0,
        0
      ]
    },
    "_coverageSchema": "43e27e138ebf9cfc5966b082cf9a028302ed4184",
    "hash": "2ff871c56243dd9591c594ce221695abacbdb401"
  },
  "C:\\DevTemp\\Conduit-Cypress\\client\\src\\reducers\\articleList.js": {
    "path": "C:\\DevTemp\\Conduit-Cypress\\client\\src\\reducers\\articleList.js",
    "statementMap": {
      "0": {
        "start": {
          "line": 16,
          "column": 2
        },
        "end": {
          "line": 85,
          "column": 3
        }
      },
      "1": {
        "start": {
          "line": 19,
          "column": 6
        },
        "end": {
          "line": 31,
          "column": 8
        }
      },
      "2": {
        "start": {
          "line": 22,
          "column": 10
        },
        "end": {
          "line": 28,
          "column": 11
        }
      },
      "3": {
        "start": {
          "line": 23,
          "column": 12
        },
        "end": {
          "line": 27,
          "column": 14
        }
      },
      "4": {
        "start": {
          "line": 29,
          "column": 10
        },
        "end": {
          "line": 29,
          "column": 25
        }
      },
      "5": {
        "start": {
          "line": 33,
          "column": 6
        },
        "end": {
          "line": 38,
          "column": 8
        }
      },
      "6": {
        "start": {
          "line": 40,
          "column": 6
        },
        "end": {
          "line": 48,
          "column": 8
        }
      },
      "7": {
        "start": {
          "line": 50,
          "column": 6
        },
        "end": {
          "line": 58,
          "column": 8
        }
      },
      "8": {
        "start": {
          "line": 60,
          "column": 6
        },
        "end": {
          "line": 60,
          "column": 16
        }
      },
      "9": {
        "start": {
          "line": 62,
          "column": 6
        },
        "end": {
          "line": 70,
          "column": 8
        }
      },
      "10": {
        "start": {
          "line": 73,
          "column": 6
        },
        "end": {
          "line": 79,
          "column": 8
        }
      },
      "11": {
        "start": {
          "line": 82,
          "column": 6
        },
        "end": {
          "line": 82,
          "column": 16
        }
      },
      "12": {
        "start": {
          "line": 84,
          "column": 6
        },
        "end": {
          "line": 84,
          "column": 19
        }
      }
    },
    "fnMap": {
      "0": {
        "name": "(anonymous_0)",
        "decl": {
          "start": {
            "line": 15,
            "column": 15
          },
          "end": {
            "line": 15,
            "column": 16
          }
        },
        "loc": {
          "start": {
            "line": 15,
            "column": 39
          },
          "end": {
            "line": 86,
            "column": 1
          }
        },
        "line": 15
      },
      "1": {
        "name": "(anonymous_1)",
        "decl": {
          "start": {
            "line": 21,
            "column": 37
          },
          "end": {
            "line": 21,
            "column": 38
          }
        },
        "loc": {
          "start": {
            "line": 21,
            "column": 48
          },
          "end": {
            "line": 30,
            "column": 9
          }
        },
        "line": 21
      }
    },
    "branchMap": {
      "0": {
        "loc": {
          "start": {
            "line": 15,
            "column": 16
          },
          "end": {
            "line": 15,
            "column": 26
          }
        },
        "type": "default-arg",
        "locations": [
          {
            "start": {
              "line": 15,
              "column": 24
            },
            "end": {
              "line": 15,
              "column": 26
            }
          }
        ],
        "line": 15
      },
      "1": {
        "loc": {
          "start": {
            "line": 16,
            "column": 2
          },
          "end": {
            "line": 85,
            "column": 3
          }
        },
        "type": "switch",
        "locations": [
          {
            "start": {
              "line": 17,
              "column": 4
            },
            "end": {
              "line": 17,
              "column": 27
            }
          },
          {
            "start": {
              "line": 18,
              "column": 4
            },
            "end": {
              "line": 31,
              "column": 8
            }
          },
          {
            "start": {
              "line": 32,
              "column": 4
            },
            "end": {
              "line": 38,
              "column": 8
            }
          },
          {
            "start": {
              "line": 39,
              "column": 4
            },
            "end": {
              "line": 48,
              "column": 8
            }
          },
          {
            "start": {
              "line": 49,
              "column": 4
            },
            "end": {
              "line": 58,
              "column": 8
            }
          },
          {
            "start": {
              "line": 59,
              "column": 4
            },
            "end": {
              "line": 60,
              "column": 16
            }
          },
          {
            "start": {
              "line": 61,
              "column": 4
            },
            "end": {
              "line": 70,
              "column": 8
            }
          },
          {
            "start": {
              "line": 71,
              "column": 4
            },
            "end": {
              "line": 71,
              "column": 29
            }
          },
          {
            "start": {
              "line": 72,
              "column": 4
            },
            "end": {
              "line": 79,
              "column": 8
            }
          },
          {
            "start": {
              "line": 80,
              "column": 4
            },
            "end": {
              "line": 80,
              "column": 31
            }
          },
          {
            "start": {
              "line": 81,
              "column": 4
            },
            "end": {
              "line": 82,
              "column": 16
            }
          },
          {
            "start": {
              "line": 83,
              "column": 4
            },
            "end": {
              "line": 84,
              "column": 19
            }
          }
        ],
        "line": 16
      },
      "2": {
        "loc": {
          "start": {
            "line": 22,
            "column": 10
          },
          "end": {
            "line": 28,
            "column": 11
          }
        },
        "type": "if",
        "locations": [
          {
            "start": {
              "line": 22,
              "column": 10
            },
            "end": {
              "line": 28,
              "column": 11
            }
          },
          {
            "start": {
              "line": 22,
              "column": 10
            },
            "end": {
              "line": 28,
              "column": 11
            }
          }
        ],
        "line": 22
      }
    },
    "s": {
      "0": 77,
      "1": 0,
      "2": 0,
      "3": 0,
      "4": 0,
      "5": 0,
      "6": 0,
      "7": 3,
      "8": 2,
      "9": 1,
      "10": 0,
      "11": 0,
      "12": 71
    },
    "f": {
      "0": 77,
      "1": 0
    },
    "b": {
      "0": [
        6
      ],
      "1": [
        0,
        0,
        0,
        0,
        3,
        2,
        1,
        0,
        0,
        0,
        0,
        71
      ],
      "2": [
        0,
        0
      ]
    },
    "_coverageSchema": "43e27e138ebf9cfc5966b082cf9a028302ed4184",
    "hash": "cb19c44a21e09207e53995bee37e4eddf526697c"
  },
  "C:\\DevTemp\\Conduit-Cypress\\client\\src\\reducers\\auth.js": {
    "path": "C:\\DevTemp\\Conduit-Cypress\\client\\src\\reducers\\auth.js",
    "statementMap": {
      "0": {
        "start": {
          "line": 11,
          "column": 2
        },
        "end": {
          "line": 31,
          "column": 3
        }
      },
      "1": {
        "start": {
          "line": 14,
          "column": 6
        },
        "end": {
          "line": 18,
          "column": 8
        }
      },
      "2": {
        "start": {
          "line": 21,
          "column": 6
        },
        "end": {
          "line": 21,
          "column": 16
        }
      },
      "3": {
        "start": {
          "line": 23,
          "column": 6
        },
        "end": {
          "line": 25,
          "column": 7
        }
      },
      "4": {
        "start": {
          "line": 24,
          "column": 8
        },
        "end": {
          "line": 24,
          "column": 46
        }
      },
      "5": {
        "start": {
          "line": 26,
          "column": 6
        },
        "end": {
          "line": 26,
          "column": 12
        }
      },
      "6": {
        "start": {
          "line": 28,
          "column": 6
        },
        "end": {
          "line": 28,
          "column": 54
        }
      },
      "7": {
        "start": {
          "line": 30,
          "column": 6
        },
        "end": {
          "line": 30,
          "column": 19
        }
      },
      "8": {
        "start": {
          "line": 33,
          "column": 2
        },
        "end": {
          "line": 33,
          "column": 15
        }
      }
    },
    "fnMap": {
      "0": {
        "name": "(anonymous_0)",
        "decl": {
          "start": {
            "line": 10,
            "column": 15
          },
          "end": {
            "line": 10,
            "column": 16
          }
        },
        "loc": {
          "start": {
            "line": 10,
            "column": 39
          },
          "end": {
            "line": 34,
            "column": 1
          }
        },
        "line": 10
      }
    },
    "branchMap": {
      "0": {
        "loc": {
          "start": {
            "line": 10,
            "column": 16
          },
          "end": {
            "line": 10,
            "column": 26
          }
        },
        "type": "default-arg",
        "locations": [
          {
            "start": {
              "line": 10,
              "column": 24
            },
            "end": {
              "line": 10,
              "column": 26
            }
          }
        ],
        "line": 10
      },
      "1": {
        "loc": {
          "start": {
            "line": 11,
            "column": 2
          },
          "end": {
            "line": 31,
            "column": 3
          }
        },
        "type": "switch",
        "locations": [
          {
            "start": {
              "line": 12,
              "column": 4
            },
            "end": {
              "line": 12,
              "column": 15
            }
          },
          {
            "start": {
              "line": 13,
              "column": 4
            },
            "end": {
              "line": 18,
              "column": 8
            }
          },
          {
            "start": {
              "line": 19,
              "column": 4
            },
            "end": {
              "line": 19,
              "column": 29
            }
          },
          {
            "start": {
              "line": 20,
              "column": 4
            },
            "end": {
              "line": 21,
              "column": 16
            }
          },
          {
            "start": {
              "line": 22,
              "column": 4
            },
            "end": {
              "line": 26,
              "column": 12
            }
          },
          {
            "start": {
              "line": 27,
              "column": 4
            },
            "end": {
              "line": 28,
              "column": 54
            }
          },
          {
            "start": {
              "line": 29,
              "column": 4
            },
            "end": {
              "line": 30,
              "column": 19
            }
          }
        ],
        "line": 11
      },
      "2": {
        "loc": {
          "start": {
            "line": 17,
            "column": 16
          },
          "end": {
            "line": 17,
            "column": 59
          }
        },
        "type": "cond-expr",
        "locations": [
          {
            "start": {
              "line": 17,
              "column": 31
            },
            "end": {
              "line": 17,
              "column": 52
            }
          },
          {
            "start": {
              "line": 17,
              "column": 55
            },
            "end": {
              "line": 17,
              "column": 59
            }
          }
        ],
        "line": 17
      },
      "3": {
        "loc": {
          "start": {
            "line": 23,
            "column": 6
          },
          "end": {
            "line": 25,
            "column": 7
          }
        },
        "type": "if",
        "locations": [
          {
            "start": {
              "line": 23,
              "column": 6
            },
            "end": {
              "line": 25,
              "column": 7
            }
          },
          {
            "start": {
              "line": 23,
              "column": 6
            },
            "end": {
              "line": 25,
              "column": 7
            }
          }
        ],
        "line": 23
      },
      "4": {
        "loc": {
          "start": {
            "line": 23,
            "column": 10
          },
          "end": {
            "line": 23,
            "column": 65
          }
        },
        "type": "binary-expr",
        "locations": [
          {
            "start": {
              "line": 23,
              "column": 10
            },
            "end": {
              "line": 23,
              "column": 34
            }
          },
          {
            "start": {
              "line": 23,
              "column": 38
            },
            "end": {
              "line": 23,
              "column": 65
            }
          }
        ],
        "line": 23
      }
    },
    "s": {
      "0": 77,
      "1": 2,
      "2": 1,
      "3": 6,
      "4": 2,
      "5": 4,
      "6": 42,
      "7": 26,
      "8": 4
    },
    "f": {
      "0": 77
    },
    "b": {
      "0": [
        6
      ],
      "1": [
        2,
        2,
        1,
        1,
        6,
        42,
        26
      ],
      "2": [
        1,
        1
      ],
      "3": [
        2,
        4
      ],
      "4": [
        6,
        4
      ]
    },
    "_coverageSchema": "43e27e138ebf9cfc5966b082cf9a028302ed4184",
    "hash": "4f251692f51a86cfdecbf252b3d14865ec44e764"
  },
  "C:\\DevTemp\\Conduit-Cypress\\client\\src\\reducers\\common.js": {
    "path": "C:\\DevTemp\\Conduit-Cypress\\client\\src\\reducers\\common.js",
    "statementMap": {
      "0": {
        "start": {
          "line": 20,
          "column": 21
        },
        "end": {
          "line": 24,
          "column": 1
        }
      },
      "1": {
        "start": {
          "line": 27,
          "column": 2
        },
        "end": {
          "line": 69,
          "column": 3
        }
      },
      "2": {
        "start": {
          "line": 29,
          "column": 6
[...]
        },
        "loc": {
          "start": {
            "line": 29,
            "column": 17
          },
          "end": {
            "line": 38,
            "column": 3
          }
        },
        "line": 29
      },
      "8": {
        "name": "(anonymous_8)",
        "decl": {
          "start": {
            "line": 31,
            "column": 23
          },
          "end": {
            "line": 31,
            "column": 24
          }
        },
        "loc": {
          "start": {
            "line": 31,
            "column": 29
          },
          "end": {
            "line": 31,
            "column": 70
          }
        },
        "line": 31
      },
      "9": {
        "name": "(anonymous_9)",
        "decl": {
          "start": {
            "line": 32,
            "column": 26
          },
          "end": {
            "line": 32,
            "column": 27
          }
        },
        "loc": {
          "start": {
            "line": 32,
            "column": 32
          },
          "end": {
            "line": 32,
            "column": 76
          }
        },
        "line": 32
      },
      "10": {
        "name": "(anonymous_10)",
        "decl": {
          "start": {
            "line": 33,
            "column": 26
          },
          "end": {
            "line": 33,
            "column": 27
          }
        },
        "loc": {
          "start": {
            "line": 33,
            "column": 32
          },
          "end": {
            "line": 33,
            "column": 76
          }
        },
        "line": 33
      },
      "11": {
        "name": "(anonymous_11)",
        "decl": {
          "start": {
            "line": 34,
            "column": 22
          },
          "end": {
            "line": 34,
            "column": 23
          }
        },
        "loc": {
          "start": {
            "line": 34,
            "column": 53
          },
          "end": {
            "line": 37,
            "column": 5
          }
        },
        "line": 34
      },
      "12": {
        "name": "(anonymous_12)",
        "decl": {
          "start": {
            "line": 34,
            "column": 53
          },
          "end": {
            "line": 34,
            "column": 54
          }
        },
        "loc": {
          "start": {
            "line": 34,
            "column": 59
          },
          "end": {
            "line": 37,
            "column": 5
          }
        },
        "line": 34
      },
      "13": {
        "name": "(anonymous_13)",
        "decl": {
          "start": {
            "line": 40,
            "column": 2
          },
          "end": {
            "line": 40,
            "column": 3
          }
        },
        "loc": {
          "start": {
            "line": 40,
            "column": 26
          },
          "end": {
            "line": 42,
            "column": 3
          }
        },
        "line": 40
      },
      "14": {
        "name": "(anonymous_14)",
        "decl": {
          "start": {
            "line": 44,
            "column": 2
          },
          "end": {
            "line": 44,
            "column": 3
          }
        },
        "loc": {
          "start": {
            "line": 44,
            "column": 12
          },
          "end": {
            "line": 110,
            "column": 3
          }
        },
        "line": 44
      }
    },
    "branchMap": {},
    "s": {
      "0": 2,
      "1": 0,
      "2": 2,
      "3": 0,
      "4": 0,
      "5": 0,
      "6": 0,
      "7": 0,
      "8": 0,
      "9": 0,
      "10": 0,
      "11": 0,
      "12": 0,
      "13": 0,
      "14": 0,
      "15": 0,
      "16": 0,
      "17": 0,
      "18": 0,
      "19": 0,
      "20": 0,
      "21": 0,
      "22": 0,
      "23": 0,
      "24": 0,
      "25": 0
    },
    "f": {
      "0": 0,
      "1": 0,
      "2": 0,
      "3": 0,
      "4": 0,
      "5": 0,
      "6": 0,
      "7": 0,
      "8": 0,
      "9": 0,
      "10": 0,
      "11": 0,
      "12": 0,
      "13": 0,
      "14": 0
    },
    "b": {},
    "_coverageSchema": "43e27e138ebf9cfc5966b082cf9a028302ed4184",
    "hash": "97d815f3e55ec8fc1f6e55f082544945d49f6abd"
  },
  "C:\\DevTemp\\Conduit-Cypress\\client\\src\\components\\Settings.js": {
    "path": "C:\\DevTemp\\Conduit-Cypress\\client\\src\\components\\Settings.js",
    "statementMap": {
      "0": {
        "start": {
          "line": 13,
          "column": 4
        },
        "end": {
          "line": 13,
          "column": 11
        }
      },
      "1": {
        "start": {
          "line": 15,
          "column": 4
        },
        "end": {
          "line": 21,
          "column": 5
        }
      },
      "2": {
        "start": {
          "line": 23,
          "column": 4
        },
        "end": {
          "line": 27,
          "column": 5
        }
      },
      "3": {
        "start": {
          "line": 23,
          "column": 32
        },
        "end": {
          "line": 27,
          "column": 5
        }
      },
      "4": {
        "start": {
          "line": 24,
          "column": 20
        },
        "end": {
          "line": 24,
          "column": 30
        }
      },
      "5": {
        "start": {
          "line": 25,
          "column": 23
        },
        "end": {
          "line": 25,
          "column": 77
        }
      },
      "6": {
        "start": {
          "line": 26,
          "column": 6
        },
        "end": {
          "line": 26,
          "column": 29
        }
      },
      "7": {
        "start": {
          "line": 29,
          "column": 4
        },
        "end": {
          "line": 38,
          "column": 5
        }
      },
      "8": {
        "start": {
          "line": 30,
          "column": 6
        },
        "end": {
          "line": 30,
          "column": 25
        }
      },
      "9": {
        "start": {
          "line": 32,
          "column": 19
        },
        "end": {
          "line": 32,
          "column": 48
        }
      },
      "10": {
        "start": {
          "line": 33,
          "column": 6
        },
        "end": {
          "line": 35,
          "column": 7
        }
      },
      "11": {
        "start": {
          "line": 34,
          "column": 8
        },
        "end": {
          "line": 34,
          "column": 28
        }
      },
      "12": {
        "start": {
          "line": 37,
          "column": 6
        },
        "end": {
          "line": 37,
          "column": 35
        }
      },
      "13": {
        "start": {
          "line": 42,
          "column": 4
        },
        "end": {
          "line": 49,
          "column": 5
        }
      },
      "14": {
        "start": {
          "line": 43,
          "column": 6
        },
        "end": {
          "line": 48,
          "column": 8
        }
      },
      "15": {
        "start": {
          "line": 53,
          "column": 4
        },
        "end": {
          "line": 62,
          "column": 5
        }
      },
      "16": {
        "start": {
          "line": 54,
          "column": 6
        },
        "end": {
          "line": 61,
          "column": 7
        }
      },
      "17": {
        "start": {
          "line": 66,
          "column": 4
        },
        "end": {
          "line": 133,
          "column": 5
        }
      },
      "18": {
        "start": {
          "line": 137,
          "column": 24
        },
        "end": {
          "line": 140,
          "column": 2
        }
      },
      "19": {
        "start": {
          "line": 137,
          "column": 34
        },
        "end": {
          "line": 140,
          "column": 1
        }
      },
      "20": {
        "start": {
          "line": 142,
          "column": 27
        },
        "end": {
          "line": 147,
          "column": 2
        }
      },
      "21": {
        "start": {
          "line": 142,
          "column": 40
        },
        "end": {
          "line": 147,
          "column": 1
        }
      },
      "22": {
        "start": {
          "line": 143,
          "column": 23
        },
        "end": {
          "line": 143,
          "column": 49
        }
      },
      "23": {
        "start": {
          "line": 145,
          "column": 4
        },
        "end": {
          "line": 145,
          "column": 70
        }
      },
      "24": {
        "start": {
          "line": 146,
          "column": 18
        },
        "end": {
          "line": 146,
          "column": 60
        }
      },
      "25": {
        "start": {
          "line": 151,
          "column": 4
        },
        "end": {
          "line": 178,
          "column": 5
        }
      }
    },
    "fnMap": {
      "0": {
        "name": "(anonymous_0)",
        "decl": {
          "start": {
            "line": 12,
            "column": 2
          },
          "end": {
            "line": 12,
            "column": 3
          }
        },
        "loc": {
          "start": {
            "line": 12,
            "column": 17
          },
          "end": {
            "line": 39,
            "column": 3
          }
        },
        "line": 12
      },
      "1": {
        "name": "(anonymous_1)",
        "decl": {
          "start": {
            "line": 23,
            "column": 23
          },
          "end": {
            "line": 23,
            "column": 24
          }
        },
        "loc": {
          "start": {
            "line": 23,
            "column": 32
          },
          "end": {
            "line": 27,
            "column": 5
          }
        },
        "line": 23
      },
      "2": {
        "name": "(anonymous_2)",
        "decl": {
          "start": {
            "line": 23,
            "column": 32
          },
          "end": {
            "line": 23,
            "column": 33
          }
        },
        "loc": {
          "start": {
            "line": 23,
            "column": 38
          },
          "end": {
            "line": 27,
            "column": 5
          }
        },
        "line": 23
      },
      "3": {
        "name": "(anonymous_3)",
        "decl": {
          "start": {
            "line": 29,
            "column": 22
          },
          "end": {
            "line": 29,
            "column": 23
          }
        },
        "loc": {
          "start": {
            "line": 29,
            "column": 28
          },
          "end": {
            "line": 38,
            "column": 5
          }
        },
        "line": 29
      },
      "4": {
        "name": "(anonymous_4)",
        "decl": {
          "start": {
            "line": 41,
            "column": 2
          },
          "end": {
            "line": 41,
            "column": 3
          }
        },
        "loc": {
          "start": {
            "line": 41,
            "column": 24
          },
          "end": {
            "line": 50,
            "column": 3
          }
        },
        "line": 41
      },
      "5": {
        "name": "(anonymous_5)",
        "decl": {
          "start": {
            "line": 52,
            "column": 2
          },
          "end": {
            "line": 52,
            "column": 3
          }
        },
        "loc": {
          "start": {
            "line": 52,
            "column": 40
          },
          "end": {
            "line": 63,
            "column": 3
          }
        },
        "line": 52
      },
      "6": {
        "name": "(anonymous_6)",
        "decl": {
          "start": {
            "line": 65,
            "column": 2
          },
          "end": {
            "line": 65,
            "column": 3
          }
        },
        "loc": {
          "start": {
            "line": 65,
            "column": 12
          },
          "end": {
            "line": 134,
            "column": 3
          }
        },
        "line": 65
      },
      "7": {
        "name": "(anonymous_7)",
        "decl": {
          "start": {
            "line": 137,
            "column": 24
          },
          "end": {
            "line": 137,
            "column": 25
          }
        },
        "loc": {
          "start": {
            "line": 137,
            "column": 34
          },
          "end": {
            "line": 140,
            "column": 1
          }
        },
        "line": 137
      },
      "8": {
        "name": "(anonymous_8)",
        "decl": {
          "start": {
            "line": 142,
            "column": 27
          },
          "end": {
            "line": 142,
            "column": 28
          }
        },
        "loc": {
          "start": {
            "line": 142,
            "column": 40
          },
          "end": {
            "line": 147,
            "column": 1
          }
        },
        "line": 142
      },
      "9": {
        "name": "(anonymous_9)",
        "decl": {
          "start": {
            "line": 143,
            "column": 17
          },
          "end": {
            "line": 143,
            "column": 18
          }
        },
        "loc": {
          "start": {
            "line": 143,
            "column": 23
          },
          "end": {
            "line": 143,
            "column": 49
          }
        },
        "line": 143
      },
      "10": {
        "name": "(anonymous_10)",
        "decl": {
          "start": {
            "line": 144,
            "column": 16
          },
          "end": {
            "line": 144,
            "column": 17
          }
        },
        "loc": {
          "start": {
            "line": 145,
            "column": 4
          },
          "end": {
            "line": 145,
            "column": 70
          }
        },
        "line": 145
      },
      "11": {
        "name": "(anonymous_11)",
        "decl": {
          "start": {
            "line": 146,
            "column": 12
          },
          "end": {
            "line": 146,
            "column": 13
          }
        },
        "loc": {
          "start": {
            "line": 146,
            "column": 18
          },
          "end": {
            "line": 146,
            "column": 60
          }
        },
        "line": 146
      },
      "12": {
        "name": "(anonymous_12)",
        "decl": {
          "start": {
            "line": 150,
            "column": 2
          },
          "end": {
            "line": 150,
            "column": 3
          }
        },
        "loc": {
          "start": {
            "line": 150,
            "column": 12
          },
          "end": {
            "line": 179,
            "column": 3
          }
        },
        "line": 150
      }
    },
    "branchMap": {
      "0": {
        "loc": {
          "start": {
            "line": 33,
            "column": 6
          },
          "end": {
            "line": 35,
            "column": 7
          }
        },
        "type": "if",
        "locations": [
          {
            "start": {
              "line": 33,
              "column": 6
            },
            "end": {
              "line": 35,
              "column": 7
            }
          },
          {
            "start": {
              "line": 33,
              "column": 6
            },
            "end": {
              "line": 35,
              "column": 7
            }
          }
        ],
        "line": 33
      },
      "1": {
        "loc": {
          "start": {
            "line": 42,
            "column": 4
          },
          "end": {
            "line": 49,
            "column": 5
          }
        },
        "type": "if",
        "locations": [
          {
            "start": {
              "line": 42,
              "column": 4
            },
            "end": {
              "line": 49,
              "column": 5
            }
          },
          {
            "start": {
              "line": 42,
              "column": 4
            },
            "end": {
              "line": 49,
              "column": 5
            }
          }
        ],
        "line": 42
      },
      "2": {
        "loc": {
          "start": {
            "line": 44,
            "column": 15
          },
          "end": {
            "line": 44,
            "column": 49
          }
        },
        "type": "binary-expr",
        "locations": [
          {
            "start": {
              "line": 44,
              "column": 15
            },
            "end": {
              "line": 44,
              "column": 43
            }
          },
          {
            "start": {
              "line": 44,
              "column": 47
            },
            "end": {
              "line": 44,
              "column": 49
            }
          }
        ],
        "line": 44
      },
      "3": {
        "loc": {
          "start": {
            "line": 53,
            "column": 4
          },
          "end": {
            "line": 62,
            "column": 5
          }
        },
        "type": "if",
        "locations": [
          {
            "start": {
              "line": 53,
              "column": 4
            },
            "end": {
              "line": 62,
              "column": 5
            }
          },
          {
            "start": {
              "line": 53,
              "column": 4
            },
            "end": {
              "line": 62,
              "column": 5
            }
          }
        ],
        "line": 53
      },
      "4": {
        "loc": {
          "start": {
            "line": 56,
            "column": 17
          },
          "end": {
            "line": 56,
            "column": 50
          }
        },
        "type": "binary-expr",
        "locations": [
          {
            "start": {
              "line": 56,
              "column": 17
            },
            "end": {
              "line": 56,
              "column": 44
            }
          },
          {
            "start": {
              "line": 56,
              "column": 48
            },
            "end": {
              "line": 56,
              "column": 50
            }
          }
        ],
        "line": 56
      },
      "5": {
        "loc": {
          "start": {
            "line": 97,
            "column": 21
          },
          "end": {
            "line": 97,
            "column": 41
          }
        },
        "type": "binary-expr",
        "locations": [
          {
            "start": {
              "line": 97,
              "column": 21
            },
            "end": {
              "line": 97,
              "column": 35
            }
          },
          {
            "start": {
              "line": 97,
              "column": 39
            },
            "end": {
              "line": 97,
              "column": 41
            }
          }
        ],
        "line": 97
      }
    },
    "s": {
      "0": 0,
      "1": 0,
      "2": 0,
      "3": 0,
      "4": 0,
      "5": 0,
      "6": 0,
      "7": 0,
      "8": 0,
      "9": 0,
      "10": 0,
      "11": 0,
      "12": 0,
      "13": 0,
      "14": 0,
      "15": 0,
      "16": 0,
      "17": 0,
      "18": 2,
      "19": 0,
      "20": 2,
      "21": 0,
      "22": 0,
      "23": 0,
      "24": 0,
      "25": 0
    },
    "f": {
      "0": 0,
      "1": 0,
      "2": 0,
      "3": 0,
      "4": 0,
      "5": 0,
      "6": 0,
      "7": 0,
      "8": 0,
      "9": 0,
      "10": 0,
      "11": 0,
      "12": 0
    },
    "b": {
      "0": [
        0,
        0
      ],
      "1": [
        0,
        0
      ],
      "2": [
        0,
        0
      ],
      "3": [
        0,
        0
      ],
      "4": [
        0,
        0
      ],
      "5": [
        0,
        0
      ]
    },
    "_coverageSchema": "43e27e138ebf9cfc5966b082cf9a028302ed4184",
    "hash": "f0ea0d31c0bd18a4e69c6dbba624e6e669070d96"
  }
}